Using pre-set license
Built from '2020.3/staging' branch; Version is '2020.3.11f1 (99c7afb366b3) revision 10078127'; Using compiler version '192528614'; Build Type 'Release'
OS: 'Windows 10 Home; OS build 19043.1165; Version 2009; 64bit' Language: 'en' Physical Memory: 16178 MB
BatchMode: 1, IsHumanControllingUs: 0, StartBugReporterOnCrash: 0, Is64bit: 1, IsPro: 0

 COMMAND LINE ARGUMENTS:
C:\Program Files\Unity\Hub\Editor\2020.3.11f1\Editor\Unity.exe
-adb2
-batchMode
-noUpm
-name
AssetImportWorker0
-projectPath
D:/Documents/eNVy softworks/Projects/Personal/Biriba Counter/biriba-counter/Biriba Counter
-logFile
Logs/AssetImportWorker0.log
-srvPort
58279
Successfully changed project path to: D:/Documents/eNVy softworks/Projects/Personal/Biriba Counter/biriba-counter/Biriba Counter
D:/Documents/eNVy softworks/Projects/Personal/Biriba Counter/biriba-counter/Biriba Counter
Using Asset Import Pipeline V2.
Refreshing native plugins compatible for Editor in 66.55 ms, found 3 plugins.
Preloading 0 native plugins for Editor in 0.00 ms.
Initialize engine version: 2020.3.11f1 (99c7afb366b3)
[Subsystems] Discovering subsystems at path C:/Program Files/Unity/Hub/Editor/2020.3.11f1/Editor/Data/Resources/UnitySubsystems
[Subsystems] Discovering subsystems at path D:/Documents/eNVy softworks/Projects/Personal/Biriba Counter/biriba-counter/Biriba Counter/Assets
GfxDevice: creating device client; threaded=0
Direct3D:
    Version:  Direct3D 11.0 [level 11.1]
    Renderer: NVIDIA GeForce GTX 1060 with Max-Q Design (ID=0x1c20)
    Vendor:   
    VRAM:     6052 MB
    Driver:   27.21.14.6231
Initialize mono
Mono path[0] = 'C:/Program Files/Unity/Hub/Editor/2020.3.11f1/Editor/Data/Managed'
Mono path[1] = 'C:/Program Files/Unity/Hub/Editor/2020.3.11f1/Editor/Data/MonoBleedingEdge/lib/mono/unityjit'
Mono config path = 'C:/Program Files/Unity/Hub/Editor/2020.3.11f1/Editor/Data/MonoBleedingEdge/etc'
Using monoOptions --debugger-agent=transport=dt_socket,embedding=1,server=y,suspend=n,address=127.0.0.1:56008
Begin MonoManager ReloadAssembly
Registering precompiled unity dll's ...
Register platform support module: C:/Program Files/Unity/Hub/Editor/2020.3.11f1/Editor/Data/PlaybackEngines/WindowsStandaloneSupport/UnityEditor.WindowsStandalone.Extensions.dll
Registered in 0.002224 seconds.
Native extension for WindowsStandalone target not found
Refreshing native plugins compatible for Editor in 40.44 ms, found 3 plugins.
Preloading 0 native plugins for Editor in 0.00 ms.
Mono: successfully reloaded assembly
- Completed reload, in  1.051 seconds
Platform modules already initialized, skipping
Registering precompiled user dll's ...
Registered in 0.004274 seconds.
Begin MonoManager ReloadAssembly
Native extension for WindowsStandalone target not found
Refreshing native plugins compatible for Editor in 39.67 ms, found 3 plugins.
Preloading 0 native plugins for Editor in 0.00 ms.
Mono: successfully reloaded assembly
- Completed reload, in  1.126 seconds
Platform modules already initialized, skipping
========================================================================
Worker process is ready to serve import requests
Launched and connected shader compiler UnityShaderCompiler.exe after 0.04 seconds
Refreshing native plugins compatible for Editor in 0.44 ms, found 3 plugins.
Preloading 0 native plugins for Editor in 0.00 ms.
Unloading 2080 Unused Serialized files (Serialized files now loaded: 0)
System memory in use before: 93.5 MB.
System memory in use after: 93.5 MB.

Unloading 33 unused Assets to reduce memory usage. Loaded Objects now: 2513.
Total: 2.619100 ms (FindLiveObjects: 0.196100 ms CreateObjectMapping: 0.071200 ms MarkObjects: 2.221600 ms  DeleteObjects: 0.128900 ms)

========================================================================
Received Import Request.
  path: Assets/Cards.png
  artifactKey: Guid(10d92c94796325543b6d506a9f25efbc) Importer(815301076,1909f56bfc062723c751e8b465ee728b)
Start importing Assets/Cards.png using Guid(10d92c94796325543b6d506a9f25efbc) Importer(815301076,1909f56bfc062723c751e8b465ee728b)  -> (artifact id: '9b01ba17c145b303170ebc693c80ad19') in 0.134776 seconds
  Import took 0.137938 seconds .

========================================================================
Received Import Request.
  Time since last request: 122.228861 seconds.
  path: Assets/Cards.png
  artifactKey: Guid(10d92c94796325543b6d506a9f25efbc) Importer(815301076,1909f56bfc062723c751e8b465ee728b)
Start importing Assets/Cards.png using Guid(10d92c94796325543b6d506a9f25efbc) Importer(815301076,1909f56bfc062723c751e8b465ee728b)  -> (artifact id: '242967f06ca277a355514e2dee82c3b0') in 0.013079 seconds
  Import took 0.017028 seconds .

========================================================================
Received Import Request.
  Time since last request: 0.034203 seconds.
  path: Assets/Cards.png
  artifactKey: Guid(10d92c94796325543b6d506a9f25efbc) Importer(815301076,1909f56bfc062723c751e8b465ee728b)
Start importing Assets/Cards.png using Guid(10d92c94796325543b6d506a9f25efbc) Importer(815301076,1909f56bfc062723c751e8b465ee728b)  -> (artifact id: '242967f06ca277a355514e2dee82c3b0') in 0.006758 seconds
  Import took 0.010830 seconds .

========================================================================
Received Import Request.
  Time since last request: 218.878506 seconds.
  path: Assets/Cards.png
  artifactKey: Guid(10d92c94796325543b6d506a9f25efbc) Importer(815301076,1909f56bfc062723c751e8b465ee728b)
Start importing Assets/Cards.png using Guid(10d92c94796325543b6d506a9f25efbc) Importer(815301076,1909f56bfc062723c751e8b465ee728b)  -> (artifact id: 'b071b3d5abbe6ece60b22585557223ad') in 0.111384 seconds
  Import took 0.116868 seconds .

